2020-04-15 23:59:07[org.springframework.test.context.support.DefaultTestContextBootstrapper] [main:0] - [INFO]  Loaded default TestExecutionListener class names from location [META-INF/spring.factories]: [org.springframework.test.context.web.ServletTestExecutionListener, org.springframework.test.context.support.DirtiesContextBeforeModesTestExecutionListener, org.springframework.test.context.support.DependencyInjectionTestExecutionListener, org.springframework.test.context.support.DirtiesContextTestExecutionListener, org.springframework.test.context.transaction.TransactionalTestExecutionListener, org.springframework.test.context.jdbc.SqlScriptsTestExecutionListener]
2020-04-15 23:59:07[org.springframework.test.context.support.DefaultTestContextBootstrapper] [main:134] - [INFO]  Using TestExecutionListeners: [org.springframework.test.context.web.ServletTestExecutionListener@548e7350, org.springframework.test.context.support.DirtiesContextBeforeModesTestExecutionListener@1a968a59, org.springframework.test.context.support.DependencyInjectionTestExecutionListener@4667ae56, org.springframework.test.context.support.DirtiesContextTestExecutionListener@77cd7a0, org.springframework.test.context.transaction.TransactionalTestExecutionListener@204f30ec, org.springframework.test.context.jdbc.SqlScriptsTestExecutionListener@e25b2fe]
2020-04-15 23:59:07[org.springframework.beans.factory.xml.XmlBeanDefinitionReader] [main:435] - [INFO]  Loading XML bean definitions from class path resource [applicationContext.xml]
2020-04-15 23:59:07[org.springframework.beans.factory.xml.XmlBeanDefinitionReader] [main:600] - [INFO]  Loading XML bean definitions from file [D:\Software\IntelliJ IDEA\WorkSpaces\OpenSource\Examples\property-management\target\classes\spring\spring-bean.xml]
2020-04-15 23:59:08[org.springframework.beans.factory.xml.XmlBeanDefinitionReader] [main:1024] - [INFO]  Loading XML bean definitions from file [D:\Software\IntelliJ IDEA\WorkSpaces\OpenSource\Examples\property-management\target\classes\spring\spring-db.xml]
2020-04-15 23:59:08[org.springframework.beans.factory.xml.XmlBeanDefinitionReader] [main:1071] - [INFO]  Loading XML bean definitions from file [D:\Software\IntelliJ IDEA\WorkSpaces\OpenSource\Examples\property-management\target\classes\spring\spring-mvc.xml]
2020-04-15 23:59:09[org.springframework.beans.factory.xml.XmlBeanDefinitionReader] [main:1887] - [INFO]  Loading XML bean definitions from file [D:\Software\IntelliJ IDEA\WorkSpaces\OpenSource\Examples\property-management\target\classes\spring\spring-shiro.xml]
2020-04-15 23:59:09[org.springframework.beans.factory.xml.XmlBeanDefinitionReader] [main:1922] - [INFO]  Loading XML bean definitions from file [D:\Software\IntelliJ IDEA\WorkSpaces\OpenSource\Examples\property-management\target\classes\spring\spring-tx.xml]
2020-04-15 23:59:09[org.springframework.context.support.GenericApplicationContext] [main:1989] - [INFO]  Refreshing org.springframework.context.support.GenericApplicationContext@7791a895: startup date [Wed Apr 15 23:59:09 CST 2020]; root of context hierarchy
2020-04-15 23:59:11[org.springframework.context.support.PostProcessorRegistrationDelegate$BeanPostProcessorChecker] [main:4046] - [INFO]  Bean 'dataSource' of type [com.alibaba.druid.pool.DruidDataSource] is not eligible for getting processed by all BeanPostProcessors (for example: not eligible for auto-proxying)
2020-04-15 23:59:11[org.springframework.context.support.PostProcessorRegistrationDelegate$BeanPostProcessorChecker] [main:4101] - [INFO]  Bean 'org.apache.shiro.spring.security.interceptor.AuthorizationAttributeSourceAdvisor#0' of type [org.apache.shiro.spring.security.interceptor.AuthorizationAttributeSourceAdvisor] is not eligible for getting processed by all BeanPostProcessors (for example: not eligible for auto-proxying)
2020-04-15 23:59:11[org.springframework.context.support.PostProcessorRegistrationDelegate$BeanPostProcessorChecker] [main:4563] - [INFO]  Bean 'sqlSessionFactory' of type [org.mybatis.spring.SqlSessionFactoryBean] is not eligible for getting processed by all BeanPostProcessors (for example: not eligible for auto-proxying)
2020-04-15 23:59:11[org.springframework.context.support.PostProcessorRegistrationDelegate$BeanPostProcessorChecker] [main:4564] - [INFO]  Bean 'sqlSessionFactory' of type [org.apache.ibatis.session.defaults.DefaultSqlSessionFactory] is not eligible for getting processed by all BeanPostProcessors (for example: not eligible for auto-proxying)
2020-04-15 23:59:11[org.springframework.context.support.PostProcessorRegistrationDelegate$BeanPostProcessorChecker] [main:4713] - [INFO]  Bean 'userMapper' of type [org.mybatis.spring.mapper.MapperFactoryBean] is not eligible for getting processed by all BeanPostProcessors (for example: not eligible for auto-proxying)
2020-04-15 23:59:11[org.springframework.context.support.PostProcessorRegistrationDelegate$BeanPostProcessorChecker] [main:4719] - [INFO]  Bean 'userMapper' of type [com.sun.proxy.$Proxy20] is not eligible for getting processed by all BeanPostProcessors (for example: not eligible for auto-proxying)
2020-04-15 23:59:11[org.springframework.context.support.PostProcessorRegistrationDelegate$BeanPostProcessorChecker] [main:4726] - [INFO]  Bean 'UserService' of type [com.xiaochen.beatles.service.Impl.UserServiceImpl] is not eligible for getting processed by all BeanPostProcessors (for example: not eligible for auto-proxying)
2020-04-15 23:59:11[org.springframework.context.support.PostProcessorRegistrationDelegate$BeanPostProcessorChecker] [main:4745] - [INFO]  Bean 'org.apache.shiro.authc.credential.HashedCredentialsMatcher#96def03' of type [org.apache.shiro.authc.credential.HashedCredentialsMatcher] is not eligible for getting processed by all BeanPostProcessors (for example: not eligible for auto-proxying)
2020-04-15 23:59:11[org.springframework.context.support.PostProcessorRegistrationDelegate$BeanPostProcessorChecker] [main:4749] - [INFO]  Bean 'userRealm' of type [com.xiaochen.beatles.shiro.UserRealm] is not eligible for getting processed by all BeanPostProcessors (for example: not eligible for auto-proxying)
2020-04-15 23:59:11[org.springframework.context.support.PostProcessorRegistrationDelegate$BeanPostProcessorChecker] [main:4791] - [INFO]  Bean 'adminMapper' of type [org.mybatis.spring.mapper.MapperFactoryBean] is not eligible for getting processed by all BeanPostProcessors (for example: not eligible for auto-proxying)
2020-04-15 23:59:11[org.springframework.context.support.PostProcessorRegistrationDelegate$BeanPostProcessorChecker] [main:4795] - [INFO]  Bean 'adminMapper' of type [com.sun.proxy.$Proxy23] is not eligible for getting processed by all BeanPostProcessors (for example: not eligible for auto-proxying)
2020-04-15 23:59:11[org.springframework.context.support.PostProcessorRegistrationDelegate$BeanPostProcessorChecker] [main:4798] - [INFO]  Bean 'adminService' of type [com.xiaochen.beatles.service.Impl.AdminServiceImp] is not eligible for getting processed by all BeanPostProcessors (for example: not eligible for auto-proxying)
2020-04-15 23:59:11[org.springframework.context.support.PostProcessorRegistrationDelegate$BeanPostProcessorChecker] [main:4802] - [INFO]  Bean 'org.apache.shiro.authc.credential.HashedCredentialsMatcher#5ccddd20' of type [org.apache.shiro.authc.credential.HashedCredentialsMatcher] is not eligible for getting processed by all BeanPostProcessors (for example: not eligible for auto-proxying)
2020-04-15 23:59:11[org.springframework.context.support.PostProcessorRegistrationDelegate$BeanPostProcessorChecker] [main:4804] - [INFO]  Bean 'adminRealm' of type [com.xiaochen.beatles.shiro.AdminRealm] is not eligible for getting processed by all BeanPostProcessors (for example: not eligible for auto-proxying)
2020-04-15 23:59:11[org.springframework.context.support.PostProcessorRegistrationDelegate$BeanPostProcessorChecker] [main:4818] - [INFO]  Bean 'authenticator' of type [com.xiaochen.beatles.shiro.PointRealmAuthenticator] is not eligible for getting processed by all BeanPostProcessors (for example: not eligible for auto-proxying)
2020-04-15 23:59:12[org.springframework.context.support.PostProcessorRegistrationDelegate$BeanPostProcessorChecker] [main:4931] - [INFO]  Bean 'rememberMeCookie' of type [org.apache.shiro.web.servlet.SimpleCookie] is not eligible for getting processed by all BeanPostProcessors (for example: not eligible for auto-proxying)
2020-04-15 23:59:12[org.springframework.context.support.PostProcessorRegistrationDelegate$BeanPostProcessorChecker] [main:4933] - [INFO]  Bean 'rememberMeManager' of type [org.apache.shiro.web.mgt.CookieRememberMeManager] is not eligible for getting processed by all BeanPostProcessors (for example: not eligible for auto-proxying)
2020-04-15 23:59:12[org.springframework.context.support.PostProcessorRegistrationDelegate$BeanPostProcessorChecker] [main:4935] - [INFO]  Bean 'securityManager' of type [org.apache.shiro.web.mgt.DefaultWebSecurityManager] is not eligible for getting processed by all BeanPostProcessors (for example: not eligible for auto-proxying)
2020-04-15 23:59:12[org.springframework.context.support.PostProcessorRegistrationDelegate$BeanPostProcessorChecker] [main:4944] - [INFO]  Bean 'myLogoutFilter' of type [com.xiaochen.beatles.shiro.MyLogoutFilter] is not eligible for getting processed by all BeanPostProcessors (for example: not eligible for auto-proxying)
2020-04-15 23:59:12[org.springframework.web.servlet.handler.SimpleUrlHandlerMapping] [main:5708] - [INFO]  Mapped URL path [/**] onto handler 'org.springframework.web.servlet.resource.DefaultServletHttpRequestHandler#0'
2020-04-15 23:59:12[org.springframework.web.servlet.mvc.method.annotation.RequestMappingHandlerMapping] [main:5838] - [INFO]  Mapped "{[/car/access]}" onto public void com.xiaochen.beatles.controller.AccessController.selectAccessList(javax.servlet.http.HttpServletResponse,javax.servlet.http.HttpServletRequest,com.xiaochen.beatles.pojo.Access,java.lang.Integer,java.lang.Integer)
2020-04-15 23:59:12[org.springframework.web.servlet.mvc.method.annotation.RequestMappingHandlerMapping] [main:5840] - [INFO]  Mapped "{[/car/updatecar]}" onto public java.util.Map com.xiaochen.beatles.controller.AccessController.updateAccess(com.xiaochen.beatles.pojo.Access)
2020-04-15 23:59:12[org.springframework.web.servlet.mvc.method.annotation.RequestMappingHandlerMapping] [main:5841] - [INFO]  Mapped "{[/car/jioncar]}" onto public java.util.Map com.xiaochen.beatles.controller.AccessController.insertAccess()
2020-04-15 23:59:12[org.springframework.web.servlet.mvc.method.annotation.RequestMappingHandlerMapping] [main:5842] - [INFO]  Mapped "{[/property/staff]}" onto public java.util.Map com.xiaochen.beatles.controller.AdminController.OnStaff(java.lang.Integer,javax.servlet.http.HttpServletResponse,java.lang.Integer,java.lang.Integer)
2020-04-15 23:59:12[org.springframework.web.servlet.mvc.method.annotation.RequestMappingHandlerMapping] [main:5843] - [INFO]  Mapped "{[/propertyAdmin/staff/add]}" onto public void com.xiaochen.beatles.controller.AdminController.addStaff(com.xiaochen.beatles.pojo.Admin)
2020-04-15 23:59:12[org.springframework.web.servlet.mvc.method.annotation.RequestMappingHandlerMapping] [main:5843] - [INFO]  Mapped "{[/propertyAdmin/staff/update]}" onto public java.lang.Integer com.xiaochen.beatles.controller.AdminController.updateStaff(com.xiaochen.beatles.pojo.Admin)
2020-04-15 23:59:13[org.springframework.web.servlet.mvc.method.annotation.RequestMappingHandlerMapping] [main:5844] - [INFO]  Mapped "{[/propertyAdmin/staff/pwd]}" onto public java.util.Map com.xiaochen.beatles.controller.AdminController.pwdStaff(java.lang.String,java.lang.String)
2020-04-15 23:59:13[org.springframework.web.servlet.mvc.method.annotation.RequestMappingHandlerMapping] [main:5853] - [INFO]  Mapped "{[/alipay/alipayNotifyNotice]}" onto public java.lang.String com.xiaochen.beatles.controller.Alipaycontroller.alipayNotifyNotice(javax.servlet.http.HttpServletRequest,javax.servlet.http.HttpServletRequest) throws java.lang.Exception
2020-04-15 23:59:13[org.springframework.web.servlet.mvc.method.annotation.RequestMappingHandlerMapping] [main:5854] - [INFO]  Mapped "{[/alipay/alipayReturnNotice]}" onto public org.springframework.web.servlet.ModelAndView com.xiaochen.beatles.controller.Alipaycontroller.alipayReturnNotice(javax.servlet.http.HttpServletRequest,javax.servlet.http.HttpServletRequest) throws java.lang.Exception
2020-04-15 23:59:13[org.springframework.web.servlet.mvc.method.annotation.RequestMappingHandlerMapping] [main:5861] - [INFO]  Mapped "{[/alipay/alipayTradeRefund]}" onto public java.lang.String com.xiaochen.beatles.controller.Alipaycontroller.alipayTradeRefund(java.lang.String,java.lang.String,java.lang.String,java.lang.String,java.lang.String)
2020-04-15 23:59:13[org.springframework.web.servlet.mvc.method.annotation.RequestMappingHandlerMapping] [main:5862] - [INFO]  Mapped "{[/alipay/alipayTradeFastpayRefundQuery]}" onto public java.lang.String com.xiaochen.beatles.controller.Alipaycontroller.alipayTradeFastpayRefundQuery(java.lang.String,java.lang.String,java.lang.String)
2020-04-15 23:59:13[org.springframework.web.servlet.mvc.method.annotation.RequestMappingHandlerMapping] [main:5863] - [INFO]  Mapped "{[/alipay/doAlipay],produces=[text/html;charset=UTF-8]}" onto protected java.lang.String com.xiaochen.beatles.controller.Alipaycontroller.doAlipay(java.lang.String,java.lang.String) throws java.io.IOException
2020-04-15 23:59:13[org.springframework.web.servlet.mvc.method.annotation.RequestMappingHandlerMapping] [main:5865] - [INFO]  Mapped "{[/alipay/alipayTradeQuery]}" onto public java.lang.String com.xiaochen.beatles.controller.Alipaycontroller.alipayTradeQuery(java.lang.String,java.lang.String)
2020-04-15 23:59:13[org.springframework.web.servlet.mvc.method.annotation.RequestMappingHandlerMapping] [main:5865] - [INFO]  Mapped "{[/alipay/alipayTradeClose]}" onto public java.lang.String com.xiaochen.beatles.controller.Alipaycontroller.alipayTradeClose(java.lang.String,java.lang.String)
2020-04-15 23:59:13[org.springframework.web.servlet.mvc.method.annotation.RequestMappingHandlerMapping] [main:5866] - [INFO]  Mapped "{[/alipay/alipayQuerypays]}" onto public org.springframework.web.servlet.ModelAndView com.xiaochen.beatles.controller.Alipaycontroller.alipayQuerypays(java.lang.String,java.lang.String)
2020-04-15 23:59:13[org.springframework.web.servlet.mvc.method.annotation.RequestMappingHandlerMapping] [main:5874] - [INFO]  Mapped "{[/cars/caradd]}" onto public java.util.Map com.xiaochen.beatles.controller.CarController.insert(com.xiaochen.beatles.pojo.CarAddPojo)
2020-04-15 23:59:13[org.springframework.web.servlet.mvc.method.annotation.RequestMappingHandlerMapping] [main:5875] - [INFO]  Mapped "{[/cars/carlist]}" onto public void com.xiaochen.beatles.controller.CarController.selectCarList(javax.servlet.http.HttpServletResponse,javax.servlet.http.HttpServletRequest,java.lang.Integer,java.lang.Integer)
2020-04-15 23:59:13[org.springframework.web.servlet.mvc.method.annotation.RequestMappingHandlerMapping] [main:5875] - [INFO]  Mapped "{[/cars/carupdate]}" onto public java.util.Map com.xiaochen.beatles.controller.CarController.updateCar(com.xiaochen.beatles.pojo.CarAddPojo)
2020-04-15 23:59:13[org.springframework.web.servlet.mvc.method.annotation.RequestMappingHandlerMapping] [main:5879] - [INFO]  Mapped "{[/ccappeal/updateState]}" onto public java.util.Map com.xiaochen.beatles.controller.CCAppealController.updateState(com.xiaochen.beatles.pojo.Appeal)
2020-04-15 23:59:13[org.springframework.web.servlet.mvc.method.annotation.RequestMappingHandlerMapping] [main:5881] - [INFO]  Mapped "{[/ccappeal/abstract]}" onto public java.util.Map com.xiaochen.beatles.controller.CCAppealController.abstractAll(int,int)
2020-04-15 23:59:13[org.springframework.web.servlet.mvc.method.annotation.RequestMappingHandlerMapping] [main:5881] - [INFO]  Mapped "{[/ccappeal/updateAdmin]}" onto public java.util.Map com.xiaochen.beatles.controller.CCAppealController.updateAdmin(java.lang.Integer,java.lang.Integer)
2020-04-15 23:59:13[org.springframework.web.servlet.mvc.method.annotation.RequestMappingHandlerMapping] [main:5882] - [INFO]  Mapped "{[/ccappeal/insertReply]}" onto public java.util.Map com.xiaochen.beatles.controller.CCAppealController.insertReply(com.xiaochen.beatles.pojo.Reply)
2020-04-15 23:59:13[org.springframework.web.servlet.mvc.method.annotation.RequestMappingHandlerMapping] [main:5883] - [INFO]  Mapped "{[/ccappeal/details],methods=[POST]}" onto public void com.xiaochen.beatles.controller.CCAppealController.details(java.lang.Integer,javax.servlet.http.HttpServletResponse)
2020-04-15 23:59:13[org.springframework.web.servlet.mvc.method.annotation.RequestMappingHandlerMapping] [main:5883] - [INFO]  Mapped "{[/ccappeal/getAdmin]}" onto public java.util.List<com.xiaochen.beatles.pojo.Admin> com.xiaochen.beatles.controller.CCAppealController.adminAll()
2020-04-15 23:59:13[org.springframework.web.servlet.mvc.method.annotation.RequestMappingHandlerMapping] [main:5885] - [INFO]  Mapped "{[/ccCost/add]}" onto public java.util.Map com.xiaochen.beatles.controller.CCCostController.add(com.xiaochen.beatles.pojo.Cost)
2020-04-15 23:59:13[org.springframework.web.servlet.mvc.method.annotation.RequestMappingHandlerMapping] [main:5886] - [INFO]  Mapped "{[/ccCost/update]}" onto public java.util.Map com.xiaochen.beatles.controller.CCCostController.update(com.xiaochen.beatles.pojo.Cost)
2020-04-15 23:59:13[org.springframework.web.servlet.mvc.method.annotation.RequestMappingHandlerMapping] [main:5886] - [INFO]  Mapped "{[/ccCost/pay]}" onto public java.util.Map com.xiaochen.beatles.controller.CCCostController.pay(int,int,java.lang.String,java.lang.String)
2020-04-15 23:59:13[org.springframework.web.servlet.mvc.method.annotation.RequestMappingHandlerMapping] [main:5887] - [INFO]  Mapped "{[/ccCost/addPay]}" onto public java.util.Map com.xiaochen.beatles.controller.CCCostController.addPay(com.xiaochen.beatles.pojo.Cost)
2020-04-15 23:59:13[org.springframework.web.servlet.mvc.method.annotation.RequestMappingHandlerMapping] [main:5887] - [INFO]  Mapped "{[/ccCost/getAll]}" onto public java.util.Map com.xiaochen.beatles.controller.CCCostController.getAll(int,int,java.lang.String,java.lang.String)
2020-04-15 23:59:13[org.springframework.web.servlet.mvc.method.annotation.RequestMappingHandlerMapping] [main:5889] - [INFO]  Mapped "{[/ccCost/getPay]}" onto public java.util.Map com.xiaochen.beatles.controller.CCCostController.getPay(java.lang.String,java.lang.String,int,int)
2020-04-15 23:59:13[org.springframework.web.servlet.mvc.method.annotation.RequestMappingHandlerMapping] [main:5889] - [INFO]  Mapped "{[/ccCost/getCost]}" onto public com.xiaochen.beatles.pojo.Cost com.xiaochen.beatles.controller.CCCostController.getCostById(java.lang.String)
2020-04-15 23:59:13[org.springframework.web.servlet.mvc.method.annotation.RequestMappingHandlerMapping] [main:5891] - [INFO]  Mapped "{[/cc/repair/updateState]}" onto public java.util.Map com.xiaochen.beatles.controller.CCRepairController.updateState(com.xiaochen.beatles.pojo.Repair)
2020-04-15 23:59:13[org.springframework.web.servlet.mvc.method.annotation.RequestMappingHandlerMapping] [main:5892] - [INFO]  Mapped "{[/cc/repair/abstract]}" onto public java.util.Map com.xiaochen.beatles.controller.CCRepairController.abstractAll(int,int)
2020-04-15 23:59:13[org.springframework.web.servlet.mvc.method.annotation.RequestMappingHandlerMapping] [main:5892] - [INFO]  Mapped "{[/cc/repair/updateAdmin],methods=[POST]}" onto public java.util.Map com.xiaochen.beatles.controller.CCRepairController.updateAdmin(java.lang.Integer,java.lang.Integer)
2020-04-15 23:59:13[org.springframework.web.servlet.mvc.method.annotation.RequestMappingHandlerMapping] [main:5893] - [INFO]  Mapped "{[/cc/repair/insertReply]}" onto public java.util.Map com.xiaochen.beatles.controller.CCRepairController.insertReply(com.xiaochen.beatles.pojo.Reply)
2020-04-15 23:59:13[org.springframework.web.servlet.mvc.method.annotation.RequestMappingHandlerMapping] [main:5893] - [INFO]  Mapped "{[/cc/repair/details],methods=[POST]}" onto public void com.xiaochen.beatles.controller.CCRepairController.details(java.lang.Integer,javax.servlet.http.HttpServletResponse)
2020-04-15 23:59:13[org.springframework.web.servlet.mvc.method.annotation.RequestMappingHandlerMapping] [main:5893] - [INFO]  Mapped "{[/cc/repair/getAdmin]}" onto public java.util.List<com.xiaochen.beatles.pojo.Admin> com.xiaochen.beatles.controller.CCRepairController.adminAll()
2020-04-15 23:59:13[org.springframework.web.servlet.mvc.method.annotation.RequestMappingHandlerMapping] [main:5895] - [INFO]  Mapped "{[/ccUser/ccAdd]}" onto public java.util.Map com.xiaochen.beatles.controller.CCUserController.add(com.xiaochen.beatles.pojo.User)
2020-04-15 23:59:13[org.springframework.web.servlet.mvc.method.annotation.RequestMappingHandlerMapping] [main:5896] - [INFO]  Mapped "{[/ccUser/ccUpdate]}" onto public java.util.Map com.xiaochen.beatles.controller.CCUserController.update(com.xiaochen.beatles.pojo.User)
2020-04-15 23:59:13[org.springframework.web.servlet.mvc.method.annotation.RequestMappingHandlerMapping] [main:5896] - [INFO]  Mapped "{[/ccUser/ccGetAll]}" onto public java.util.Map com.xiaochen.beatles.controller.CCUserController.getAll(int,int,java.lang.String)
2020-04-15 23:59:13[org.springframework.web.servlet.mvc.method.annotation.RequestMappingHandlerMapping] [main:5896] - [INFO]  Mapped "{[/ccUser/ccDelete]}" onto public java.util.Map com.xiaochen.beatles.controller.CCUserController.delet(java.lang.Integer[])
2020-04-15 23:59:13[org.springframework.web.servlet.mvc.method.annotation.RequestMappingHandlerMapping] [main:5899] - [INFO]  Mapped "{[/complain/nailresult]}" onto public java.util.Map com.xiaochen.beatles.controller.LAppealController.nocomplain(java.lang.Integer)
2020-04-15 23:59:13[org.springframework.web.servlet.mvc.method.annotation.RequestMappingHandlerMapping] [main:5900] - [INFO]  Mapped "{[/complain/nail]}" onto public net.sf.json.JSONObject com.xiaochen.beatles.controller.LAppealController.nocomplain()
2020-04-15 23:59:13[org.springframework.web.servlet.mvc.method.annotation.RequestMappingHandlerMapping] [main:5900] - [INFO]  Mapped "{[/complain/pastresult]}" onto public java.util.Map com.xiaochen.beatles.controller.LAppealController.pastcomplain(java.lang.Integer)
2020-04-15 23:59:13[org.springframework.web.servlet.mvc.method.annotation.RequestMappingHandlerMapping] [main:5901] - [INFO]  Mapped "{[/complain/past]}" onto public net.sf.json.JSONObject com.xiaochen.beatles.controller.LAppealController.pastcomplain(int,int)
2020-04-15 23:59:13[org.springframework.web.servlet.mvc.method.annotation.RequestMappingHandlerMapping] [main:5901] - [INFO]  Mapped "{[/complain/comreact]}" onto public java.util.Map com.xiaochen.beatles.controller.LAppealController.clinsertReply(com.xiaochen.beatles.pojo.Reply)
2020-04-15 23:59:13[org.springframework.web.servlet.mvc.method.annotation.RequestMappingHandlerMapping] [main:5901] - [INFO]  Mapped "{[/complain/evaluate]}" onto public java.util.Map com.xiaochen.beatles.controller.LAppealController.upappealState(com.xiaochen.beatles.pojo.Appeal)
2020-04-15 23:59:13[org.springframework.web.servlet.mvc.method.annotation.RequestMappingHandlerMapping] [main:5902] - [INFO]  Mapped "{[/complain/addcomplain]}" onto public boolean com.xiaochen.beatles.controller.LAppealController.onrepair(java.util.Map<java.lang.String, java.lang.String>)
2020-04-15 23:59:13[org.springframework.web.servlet.mvc.method.annotation.RequestMappingHandlerMapping] [main:5903] - [INFO]  Mapped "{[/cost/account]}" onto public net.sf.json.JSONObject com.xiaochen.beatles.controller.LCostController.getAccount(int,int)
2020-04-15 23:59:13[org.springframework.web.servlet.mvc.method.annotation.RequestMappingHandlerMapping] [main:5903] - [INFO]  Mapped "{[/cost/pastsuccess]}" onto public net.sf.json.JSONObject com.xiaochen.beatles.controller.LCostController.getcostsuccess()
2020-04-15 23:59:13[org.springframework.web.servlet.mvc.method.annotation.RequestMappingHandlerMapping] [main:5904] - [INFO]  Mapped "{[/cost/nocost]}" onto public net.sf.json.JSONObject com.xiaochen.beatles.controller.LCostController.getcostList(int,int)
2020-04-15 23:59:13[org.springframework.web.servlet.mvc.method.annotation.RequestMappingHandlerMapping] [main:5904] - [INFO]  Mapped "{[/msg/mags]}" onto public net.sf.json.JSONObject com.xiaochen.beatles.controller.LMsgController.getMsgList(int,int)
2020-04-15 23:59:13[org.springframework.web.servlet.mvc.method.annotation.RequestMappingHandlerMapping] [main:5906] - [INFO]  Mapped "{[/onpay/alipayNotifyNotice]}" onto public java.lang.String com.xiaochen.beatles.controller.LPayController.alipayNotifyNotice(javax.servlet.http.HttpServletRequest,javax.servlet.http.HttpServletRequest) throws java.lang.Exception
2020-04-15 23:59:13[org.springframework.web.servlet.mvc.method.annotation.RequestMappingHandlerMapping] [main:5907] - [INFO]  Mapped "{[/onpay/alipayReturnNotice]}" onto public org.springframework.web.servlet.ModelAndView com.xiaochen.beatles.controller.LPayController.alipayReturnNotice(javax.servlet.http.HttpServletRequest,javax.servlet.http.HttpServletRequest) throws java.lang.Exception
2020-04-15 23:59:13[org.springframework.web.servlet.mvc.method.annotation.RequestMappingHandlerMapping] [main:5907] - [INFO]  Mapped "{[/onpay/alipayTradeRefund]}" onto public java.lang.String com.xiaochen.beatles.controller.LPayController.alipayTradeRefund(java.lang.String,java.lang.String,java.lang.String,java.lang.String,java.lang.String)
2020-04-15 23:59:13[org.springframework.web.servlet.mvc.method.annotation.RequestMappingHandlerMapping] [main:5907] - [INFO]  Mapped "{[/onpay/alipayTradeFastpayRefundQuery]}" onto public java.lang.String com.xiaochen.beatles.controller.LPayController.alipayTradeFastpayRefundQuery(java.lang.String,java.lang.String,java.lang.String)
2020-04-15 23:59:13[org.springframework.web.servlet.mvc.method.annotation.RequestMappingHandlerMapping] [main:5907] - [INFO]  Mapped "{[/onpay/alipayTradeQuery]}" onto public java.lang.String com.xiaochen.beatles.controller.LPayController.alipayTradeQuery(java.lang.String,java.lang.String)
2020-04-15 23:59:13[org.springframework.web.servlet.mvc.method.annotation.RequestMappingHandlerMapping] [main:5908] - [INFO]  Mapped "{[/onpay/alipayTradeClose]}" onto public java.lang.String com.xiaochen.beatles.controller.LPayController.alipayTradeClose(java.lang.String,java.lang.String)
2020-04-15 23:59:13[org.springframework.web.servlet.mvc.method.annotation.RequestMappingHandlerMapping] [main:5908] - [INFO]  Mapped "{[/onpay/alipayQuerypays]}" onto public org.springframework.web.servlet.ModelAndView com.xiaochen.beatles.controller.LPayController.alipayQuerypays(java.lang.String,java.lang.String)
2020-04-15 23:59:13[org.springframework.web.servlet.mvc.method.annotation.RequestMappingHandlerMapping] [main:5908] - [INFO]  Mapped "{[/onpay/pay]}" onto public void com.xiaochen.beatles.controller.LPayController.mypay(java.util.Map<java.lang.String, java.lang.String>,javax.servlet.http.HttpServletRequest,javax.servlet.http.HttpServletResponse) throws java.io.IOException
2020-04-15 23:59:13[org.springframework.web.servlet.mvc.method.annotation.RequestMappingHandlerMapping] [main:5913] - [INFO]  Mapped "{[/repair/react]}" onto public java.util.Map com.xiaochen.beatles.controller.LRepairController.clinsertReply(com.xiaochen.beatles.pojo.Reply)
2020-04-15 23:59:13[org.springframework.web.servlet.mvc.method.annotation.RequestMappingHandlerMapping] [main:5913] - [INFO]  Mapped "{[/repair/addrepair]}" onto public boolean com.xiaochen.beatles.controller.LRepairController.onrepair(java.util.Map<java.lang.String, java.lang.String>)
2020-04-15 23:59:13[org.springframework.web.servlet.mvc.method.annotation.RequestMappingHandlerMapping] [main:5915] - [INFO]  Mapped "{[/repair/pastresult]}" onto public java.util.Map com.xiaochen.beatles.controller.LRepairController.pastrepairae(java.lang.Integer)
2020-04-15 23:59:13[org.springframework.web.servlet.mvc.method.annotation.RequestMappingHandlerMapping] [main:5916] - [INFO]  Mapped "{[/repair/nail]}" onto public net.sf.json.JSONObject com.xiaochen.beatles.controller.LRepairController.norepair()
2020-04-15 23:59:13[org.springframework.web.servlet.mvc.method.annotation.RequestMappingHandlerMapping] [main:5917] - [INFO]  Mapped "{[/repair/evaluate]}" onto public java.util.Map com.xiaochen.beatles.controller.LRepairController.upReplyState(com.xiaochen.beatles.pojo.Repair)
2020-04-15 23:59:13[org.springframework.web.servlet.mvc.method.annotation.RequestMappingHandlerMapping] [main:5918] - [INFO]  Mapped "{[/repair/noresult]}" onto public java.util.Map com.xiaochen.beatles.controller.LRepairController.norepairresult(java.lang.Integer)
2020-04-15 23:59:13[org.springframework.web.servlet.mvc.method.annotation.RequestMappingHandlerMapping] [main:5918] - [INFO]  Mapped "{[/repair/past]}" onto public net.sf.json.JSONObject com.xiaochen.beatles.controller.LRepairController.pastrepair(int,int)
2020-04-15 23:59:13[org.springframework.web.servlet.mvc.method.annotation.RequestMappingHandlerMapping] [main:5919] - [INFO]  Mapped "{[/user/amendpwd]}" onto public java.util.Map com.xiaochen.beatles.controller.LUserController.amendUsepwd(java.lang.Integer,java.lang.String,java.lang.String)
2020-04-15 23:59:13[org.springframework.web.servlet.mvc.method.annotation.RequestMappingHandlerMapping] [main:5919] - [INFO]  Mapped "{[/user/touser]}" onto public net.sf.json.JSONObject com.xiaochen.beatles.controller.LUserController.getUserList(int,int)
2020-04-15 23:59:13[org.springframework.web.servlet.mvc.method.annotation.RequestMappingHandlerMapping] [main:5921] - [INFO]  Mapped "{[/property/msg/update]}" onto public java.lang.Integer com.xiaochen.beatles.controller.MsgController.updateList(com.xiaochen.beatles.pojo.Msg)
2020-04-15 23:59:13[org.springframework.web.servlet.mvc.method.annotation.RequestMappingHandlerMapping] [main:5921] - [INFO]  Mapped "{[/property/msg]}" onto public java.util.Map com.xiaochen.beatles.controller.MsgController.selectListC(java.lang.Integer,java.lang.Integer,java.lang.Integer)
2020-04-15 23:59:13[org.springframework.web.servlet.mvc.method.annotation.RequestMappingHandlerMapping] [main:5921] - [INFO]  Mapped "{[/property/msg/add/notice]}" onto public void com.xiaochen.beatles.controller.MsgController.AddList(com.xiaochen.beatles.pojo.Msg)
2020-04-15 23:59:13[org.springframework.web.servlet.mvc.method.annotation.RequestMappingHandlerMapping] [main:5922] - [INFO]  Mapped "{[/property/msg/addCount]}" onto private void com.xiaochen.beatles.controller.MsgCountController.addMsgCount(com.xiaochen.beatles.pojo.MsgCount)
2020-04-15 23:59:13[org.springframework.web.servlet.mvc.method.annotation.RequestMappingHandlerMapping] [main:5923] - [INFO]  Mapped "{[/park/parklist]}" onto public void com.xiaochen.beatles.controller.ParkController.selectPark(javax.servlet.http.HttpServletResponse,javax.servlet.http.HttpServletRequest)
2020-04-15 23:59:13[org.springframework.web.servlet.mvc.method.annotation.RequestMappingHandlerMapping] [main:5924] - [INFO]  Mapped "{[/park/sale]}" onto public java.util.Map com.xiaochen.beatles.controller.ParkController.updatePark(com.xiaochen.beatles.pojo.ParkUpdatePojo)
2020-04-15 23:59:13[org.springframework.web.servlet.mvc.method.annotation.RequestMappingHandlerMapping] [main:5926] - [INFO]  Mapped "{[/user/sendmsm]}" onto public java.util.Map com.xiaochen.beatles.controller.UserController.sendmsm(java.lang.String,java.lang.String,javax.servlet.http.HttpServletRequest)
2020-04-15 23:59:13[org.springframework.web.servlet.mvc.method.annotation.RequestMappingHandlerMapping] [main:5927] - [INFO]  Mapped "{[/user/login]}" onto public java.util.Map com.xiaochen.beatles.controller.UserController.loginUser(java.lang.String,java.lang.String,java.lang.String)
2020-04-15 23:59:13[org.springframework.web.servlet.mvc.method.annotation.RequestMappingHandlerMapping] [main:5928] - [INFO]  Mapped "{[/user/findpwd]}" onto public java.util.Map com.xiaochen.beatles.controller.UserController.findpwd(java.lang.String,java.lang.String,java.lang.String,javax.servlet.http.HttpServletRequest)
2020-04-15 23:59:13[org.springframework.web.servlet.mvc.method.annotation.RequestMappingHandlerAdapter] [main:6417] - [INFO]  Looking for @ControllerAdvice: org.springframework.context.support.GenericApplicationContext@7791a895: startup date [Wed Apr 15 23:59:09 CST 2020]; root of context hierarchy
2020-04-15 23:59:13[org.springframework.web.servlet.mvc.method.annotation.RequestMappingHandlerAdapter] [main:6559] - [INFO]  Looking for @ControllerAdvice: org.springframework.context.support.GenericApplicationContext@7791a895: startup date [Wed Apr 15 23:59:09 CST 2020]; root of context hierarchy
2020-04-15 23:59:14[com.alibaba.druid.pool.DruidDataSource] [main:7390] - [INFO]  {dataSource-1} inited
2020-04-15 23:59:14[org.springframework.beans.factory.xml.XmlBeanDefinitionReader] [main:7499] - [INFO]  Loading XML bean definitions from class path resource [org/springframework/jdbc/support/sql-error-codes.xml]
2020-04-15 23:59:14[org.springframework.jdbc.support.SQLErrorCodesFactory] [main:7516] - [INFO]  SQLErrorCodes loaded: [DB2, Derby, H2, HSQL, Informix, MS-SQL, MySQL, Oracle, PostgreSQL, Sybase, Hana]
2020-04-15 23:59:14[org.springframework.context.support.GenericApplicationContext] [Thread-0:7536] - [INFO]  Closing org.springframework.context.support.GenericApplicationContext@7791a895: startup date [Wed Apr 15 23:59:09 CST 2020]; root of context hierarchy
2020-04-15 23:59:14[com.alibaba.druid.pool.DruidDataSource] [Thread-0:7550] - [INFO]  {dataSource-1} closed
